  AudioManager.cpp
  Game.cpp
z:\igmprofile\documents\github\ggp_breach\dx11starter\types.h(36): warning C4005: 'U08_MAX': macro redefinition
  z:\igmprofile\documents\github\ggp_breach\dx11starter\types.h(26): note: see previous definition of 'U08_MAX'
z:\igmprofile\documents\github\ggp_breach\dx11starter\types.h(37): warning C4005: 'U16_MAX': macro redefinition
  z:\igmprofile\documents\github\ggp_breach\dx11starter\types.h(27): note: see previous definition of 'U16_MAX'
z:\igmprofile\documents\github\ggp_breach\dx11starter\types.h(38): warning C4005: 'U32_MAX': macro redefinition
  z:\igmprofile\documents\github\ggp_breach\dx11starter\types.h(28): note: see previous definition of 'U32_MAX'
z:\igmprofile\documents\github\ggp_breach\dx11starter\types.h(39): warning C4005: 'U64_MAX': macro redefinition
  z:\igmprofile\documents\github\ggp_breach\dx11starter\types.h(29): note: see previous definition of 'U64_MAX'
z:\igmprofile\documents\github\ggp_breach\dx11starter\game.cpp(271): warning C4129: 'T': unrecognized character escape sequence
z:\igmprofile\documents\github\ggp_breach\dx11starter\game.cpp(282): warning C4244: '=': conversion from 'double' to '_Ty', possible loss of data
          with
          [
              _Ty=float
          ]
z:\igmprofile\documents\github\ggp_breach\dx11starter\game.cpp(481): warning C4060: switch statement contains no 'case' or 'default' labels
  Main.cpp
z:\igmprofile\documents\github\ggp_breach\dx11starter\types.h(36): warning C4005: 'U08_MAX': macro redefinition
  z:\igmprofile\documents\github\ggp_breach\dx11starter\types.h(26): note: see previous definition of 'U08_MAX'
z:\igmprofile\documents\github\ggp_breach\dx11starter\types.h(37): warning C4005: 'U16_MAX': macro redefinition
  z:\igmprofile\documents\github\ggp_breach\dx11starter\types.h(27): note: see previous definition of 'U16_MAX'
z:\igmprofile\documents\github\ggp_breach\dx11starter\types.h(38): warning C4005: 'U32_MAX': macro redefinition
  z:\igmprofile\documents\github\ggp_breach\dx11starter\types.h(28): note: see previous definition of 'U32_MAX'
z:\igmprofile\documents\github\ggp_breach\dx11starter\types.h(39): warning C4005: 'U64_MAX': macro redefinition
  z:\igmprofile\documents\github\ggp_breach\dx11starter\types.h(29): note: see previous definition of 'U64_MAX'
  Generating Code...
  DX11Starter.vcxproj -> Z:\IGMProfile\Documents\GitHub\GGP_Breach\x64\Debug\DX11Starter.exe
